build/app/intermediates/manifest_merge_blame_file/debug/manifest-merger-blame-debug-report.txt
1<?xml version="1.0" encoding="utf-8"?>
2<manifest xmlns:android="http://schemas.android.com/apk/res/android"
3    package="com.example.tes_blue_print_pos"
4    android:versionCode="1"
5    android:versionName="1.0.0" >
6
7    <uses-sdk
8        android:minSdkVersion="19"
9        android:targetSdkVersion="31" />
10    <!--
11         The INTERNET permission is required for development. Specifically,
12         the Flutter tool needs it to communicate with the running application
13         to allow setting breakpoints, to provide hot reload, etc.
14    -->
15    <uses-permission android:name="android.permission.INTERNET" />
15-->src/debug/AndroidManifest.xml:7:5-66
15-->src/debug/AndroidManifest.xml:7:22-64
16    <uses-permission
16-->src/main/AndroidManifest.xml:3:5-68
17        android:name="android.permission.BLUETOOTH"
17-->src/main/AndroidManifest.xml:3:22-65
18        android:maxSdkVersion="30" />
18-->[:flutter_blue_plus] AndroidManifest.xml:25:9-35
19    <uses-permission
19-->src/main/AndroidManifest.xml:4:5-5:57
20        android:name="android.permission.BLUETOOTH_SCAN"
20-->src/main/AndroidManifest.xml:4:22-70
21        android:usesPermissionFlags="neverForLocation" />
21-->src/main/AndroidManifest.xml:5:9-55
22    <uses-permission android:name="android.permission.BLUETOOTH_ADVERTISE" />
22-->src/main/AndroidManifest.xml:6:5-78
22-->src/main/AndroidManifest.xml:6:22-75
23    <uses-permission android:name="android.permission.BLUETOOTH_CONNECT" />
23-->src/main/AndroidManifest.xml:7:5-76
23-->src/main/AndroidManifest.xml:7:22-73
24    <uses-permission android:name="android.permission.NEARBY_WIFI_DEVICES" />
24-->src/main/AndroidManifest.xml:8:5-78
24-->src/main/AndroidManifest.xml:8:22-75
25    <uses-permission
25-->src/main/AndroidManifest.xml:9:5-10:57
26        android:name="android.permission.ACCESS_COARSE_LOCATION"
26-->src/main/AndroidManifest.xml:9:22-78
27        android:usesPermissionFlags="neverForLocation" />
27-->src/main/AndroidManifest.xml:10:9-55
28    <uses-permission
28-->src/main/AndroidManifest.xml:11:5-74
29        android:name="android.permission.BLUETOOTH_ADMIN"
29-->src/main/AndroidManifest.xml:11:22-71
30        android:maxSdkVersion="30" />
30-->[:flutter_blue_plus] AndroidManifest.xml:28:9-35
31    <uses-permission android:name="android.permission.ACCESS_FINE_LOCATION" />
31-->[:flutter_blue_plus] AndroidManifest.xml:29:5-79
31-->[:flutter_blue_plus] AndroidManifest.xml:29:22-76
32    <uses-permission android:name="android.permission.CAMERA" /> <!-- Don't require camera, as this requires a rear camera. This allows it to work on the Nexus 7 -->
32-->[com.journeyapps:zxing-android-embedded:3.6.0] AndroidManifest.xml:22:5-65
32-->[com.journeyapps:zxing-android-embedded:3.6.0] AndroidManifest.xml:22:22-62
33    <uses-feature
33-->[com.journeyapps:zxing-android-embedded:3.6.0] AndroidManifest.xml:25:5-27:36
34        android:name="android.hardware.camera"
34-->[com.journeyapps:zxing-android-embedded:3.6.0] AndroidManifest.xml:26:9-47
35        android:required="false" />
35-->[com.journeyapps:zxing-android-embedded:3.6.0] AndroidManifest.xml:27:9-33
36    <uses-feature
36-->[com.journeyapps:zxing-android-embedded:3.6.0] AndroidManifest.xml:28:5-30:36
37        android:name="android.hardware.camera.front"
37-->[com.journeyapps:zxing-android-embedded:3.6.0] AndroidManifest.xml:29:9-53
38        android:required="false" /> <!-- TODO replace above two with next line after Android 4.2 -->
38-->[com.journeyapps:zxing-android-embedded:3.6.0] AndroidManifest.xml:30:9-33
39    <!-- <uses-feature android:name="android.hardware.camera.any"/> -->
40    <uses-feature
40-->[com.journeyapps:zxing-android-embedded:3.6.0] AndroidManifest.xml:33:5-35:36
41        android:name="android.hardware.camera.autofocus"
41-->[com.journeyapps:zxing-android-embedded:3.6.0] AndroidManifest.xml:34:9-57
42        android:required="false" />
42-->[com.journeyapps:zxing-android-embedded:3.6.0] AndroidManifest.xml:35:9-33
43    <uses-feature
43-->[com.journeyapps:zxing-android-embedded:3.6.0] AndroidManifest.xml:36:5-38:36
44        android:name="android.hardware.camera.flash"
44-->[com.journeyapps:zxing-android-embedded:3.6.0] AndroidManifest.xml:37:9-53
45        android:required="false" />
45-->[com.journeyapps:zxing-android-embedded:3.6.0] AndroidManifest.xml:38:9-33
46    <uses-feature
46-->[com.journeyapps:zxing-android-embedded:3.6.0] AndroidManifest.xml:39:5-41:36
47        android:name="android.hardware.screen.landscape"
47-->[com.journeyapps:zxing-android-embedded:3.6.0] AndroidManifest.xml:40:9-57
48        android:required="false" />
48-->[com.journeyapps:zxing-android-embedded:3.6.0] AndroidManifest.xml:41:9-33
49    <uses-feature
49-->[com.journeyapps:zxing-android-embedded:3.6.0] AndroidManifest.xml:42:5-44:36
50        android:name="android.hardware.wifi"
50-->[com.journeyapps:zxing-android-embedded:3.6.0] AndroidManifest.xml:43:9-45
51        android:required="false" />
51-->[com.journeyapps:zxing-android-embedded:3.6.0] AndroidManifest.xml:44:9-33
52
53    <application
54        android:name="android.app.Application"
55        android:appComponentFactory="androidx.core.app.CoreComponentFactory"
55-->[androidx.core:core:1.7.0] AndroidManifest.xml:24:18-86
56        android:debuggable="true"
57        android:icon="@mipmap/ic_launcher"
58        android:label="tes_blue_print_pos" >
59        <activity
60            android:name="com.example.tes_blue_print_pos.MainActivity"
61            android:configChanges="orientation|keyboardHidden|keyboard|screenSize|smallestScreenSize|locale|layoutDirection|fontScale|screenLayout|density|uiMode"
62            android:exported="true"
63            android:hardwareAccelerated="true"
64            android:launchMode="singleTop"
65            android:theme="@style/LaunchTheme"
66            android:windowSoftInputMode="adjustResize" >
67
68            <!--
69                 Specifies an Android theme to apply to this Activity as soon as
70                 the Android process has started. This theme is visible to the user
71                 while the Flutter UI initializes. After that, this theme continues
72                 to determine the Window background behind the Flutter UI.
73            -->
74            <meta-data
75                android:name="io.flutter.embedding.android.NormalTheme"
76                android:resource="@style/NormalTheme" />
77
78            <intent-filter>
79                <action android:name="android.intent.action.MAIN" />
80
81                <category android:name="android.intent.category.LAUNCHER" />
82            </intent-filter>
83        </activity>
84        <!--
85             Don't delete the meta-data below.
86             This is used by the Flutter tool to generate GeneratedPluginRegistrant.java
87        -->
88        <meta-data
89            android:name="flutterEmbedding"
90            android:value="2" />
91
92        <uses-library
92-->[androidx.window:window:1.0.0-beta04] AndroidManifest.xml:25:9-27:40
93            android:name="androidx.window.extensions"
93-->[androidx.window:window:1.0.0-beta04] AndroidManifest.xml:26:13-54
94            android:required="false" />
94-->[androidx.window:window:1.0.0-beta04] AndroidManifest.xml:27:13-37
95        <uses-library
95-->[androidx.window:window:1.0.0-beta04] AndroidManifest.xml:28:9-30:40
96            android:name="androidx.window.sidecar"
96-->[androidx.window:window:1.0.0-beta04] AndroidManifest.xml:29:13-51
97            android:required="false" />
97-->[androidx.window:window:1.0.0-beta04] AndroidManifest.xml:30:13-37
98
99        <activity
99-->[com.journeyapps:zxing-android-embedded:3.6.0] AndroidManifest.xml:47:9-53:63
100            android:name="com.journeyapps.barcodescanner.CaptureActivity"
100-->[com.journeyapps:zxing-android-embedded:3.6.0] AndroidManifest.xml:48:13-74
101            android:clearTaskOnLaunch="true"
101-->[com.journeyapps:zxing-android-embedded:3.6.0] AndroidManifest.xml:49:13-45
102            android:screenOrientation="sensorLandscape"
102-->[com.journeyapps:zxing-android-embedded:3.6.0] AndroidManifest.xml:50:13-56
103            android:stateNotNeeded="true"
103-->[com.journeyapps:zxing-android-embedded:3.6.0] AndroidManifest.xml:51:13-42
104            android:theme="@style/zxing_CaptureTheme"
104-->[com.journeyapps:zxing-android-embedded:3.6.0] AndroidManifest.xml:52:13-54
105            android:windowSoftInputMode="stateAlwaysHidden" />
105-->[com.journeyapps:zxing-android-embedded:3.6.0] AndroidManifest.xml:53:13-60
106
107        <provider
107-->[androidx.emoji2:emoji2:1.0.0] AndroidManifest.xml:26:9-34:20
108            android:name="androidx.startup.InitializationProvider"
108-->[androidx.emoji2:emoji2:1.0.0] AndroidManifest.xml:27:13-67
109            android:authorities="com.example.tes_blue_print_pos.androidx-startup"
109-->[androidx.emoji2:emoji2:1.0.0] AndroidManifest.xml:28:13-68
110            android:exported="false" >
110-->[androidx.emoji2:emoji2:1.0.0] AndroidManifest.xml:29:13-37
111            <meta-data
111-->[androidx.emoji2:emoji2:1.0.0] AndroidManifest.xml:31:13-33:52
112                android:name="androidx.emoji2.text.EmojiCompatInitializer"
112-->[androidx.emoji2:emoji2:1.0.0] AndroidManifest.xml:32:17-75
113                android:value="androidx.startup" />
113-->[androidx.emoji2:emoji2:1.0.0] AndroidManifest.xml:33:17-49
114            <meta-data
114-->[androidx.lifecycle:lifecycle-process:2.4.0] AndroidManifest.xml:31:13-33:52
115                android:name="androidx.lifecycle.ProcessLifecycleInitializer"
115-->[androidx.lifecycle:lifecycle-process:2.4.0] AndroidManifest.xml:32:17-78
116                android:value="androidx.startup" />
116-->[androidx.lifecycle:lifecycle-process:2.4.0] AndroidManifest.xml:33:17-49
117        </provider>
118    </application>
119
120</manifest>